<?xml version="1.0" encoding="UTF-8"?>
<!-- Generated by org.testng.reporters.JUnitReportReporter -->
<testsuite skipped="0" hostname="DESKTOP-R3P7M09" name="com.ma.qa.testcases.HomePageTest" tests="3" failures="0" timestamp="06 Jul 2019 11:59:28 GMT" time="82.836" errors="0">
  <testcase name="verifyHomePageTitleTest" time="24.859" classname="com.ma.qa.testcases.HomePageTest"/>
  <testcase name="verifyCorrectUSerNameTest" time="25.141" classname="com.ma.qa.testcases.HomePageTest"/>
  <testcase name="clickToContactLinkTest" time="32.836" classname="com.ma.qa.testcases.HomePageTest"/>
</testsuite> <!-- com.ma.qa.testcases.HomePageTest -->
