<?xml version="1.0" encoding="UTF-8"?>
<!-- Generated by org.testng.reporters.JUnitReportReporter -->
<testsuite skipped="0" hostname="DESKTOP-R3P7M09" name="com.ma.qa.testcases.LoginPageTest" tests="3" failures="0" timestamp="07 Jul 2019 04:55:47 GMT" time="59.477" errors="0">
  <testcase name="loginPageTitleTest" time="15.556" classname="com.ma.qa.testcases.LoginPageTest"/>
  <testcase name="verifyCRMImageTest" time="14.306" classname="com.ma.qa.testcases.LoginPageTest"/>
  <testcase name="loginTest" time="29.615" classname="com.ma.qa.testcases.LoginPageTest"/>
</testsuite> <!-- com.ma.qa.testcases.LoginPageTest -->
