<?xml version="1.0" encoding="UTF-8"?>
<!-- Generated by org.testng.reporters.JUnitReportReporter -->
<testsuite skipped="0" hostname="DESKTOP-R3P7M09" name="com.ma.qa.testcases.ContactPageTest" tests="2" failures="0" timestamp="06 Jul 2019 15:49:07 GMT" time="59.076" errors="0">
  <testcase name="verifyContactsPageLabelTest" time="33.808" classname="com.ma.qa.testcases.ContactPageTest"/>
  <testcase name="selectContactName" time="25.268" classname="com.ma.qa.testcases.ContactPageTest"/>
</testsuite> <!-- com.ma.qa.testcases.ContactPageTest -->
