<?xml version="1.0" encoding="UTF-8"?>
<!-- Generated by org.testng.reporters.JUnitReportReporter -->
<testsuite skipped="0" hostname="DESKTOP-R3P7M09" name="com.ma.qa.testcases.LoginPageTest" tests="3" failures="0" timestamp="06 Jul 2019 11:54:36 GMT" time="63.542" errors="0">
  <testcase name="loginPageTitleTest" time="15.018" classname="com.ma.qa.testcases.LoginPageTest"/>
  <testcase name="verifyCRMImageTest" time="16.070" classname="com.ma.qa.testcases.LoginPageTest"/>
  <testcase name="loginTest" time="32.454" classname="com.ma.qa.testcases.LoginPageTest"/>
</testsuite> <!-- com.ma.qa.testcases.LoginPageTest -->
